40 100 19 136 221 92 154 31 250 26 72 255 169 74 97 93 399 140 0 166 14 87 195 315 164 377 55 29 371 297 124 192 360 320 146 251 379 42 378 337 313
37 310 244 308 334 316 197 233 280 321 139 346 391 395 84 32 203 247 134 148 177 253 158 168 189 373 129 27 388 267 353 277 296 128 79 46 202 381
65 220 125 364 81 375 23 243 152 331 161 317 209 270 213 163 91 172 382 290 122 261 383 38 329 43 340 170 237 47 2 193 365 12 28 48 61 309 274 115 52 188 330 214 262 36 294 133 200 239 174 49 175 194 108 155 5 369 180 359 263 302 362 281 119 265
37 40 184 77 394 83 298 65 374 223 245 130 59 121 99 112 153 338 58 318 178 284 260 350 50 88 343 342 6 259 94 354 326 227 183 151 86 109
12 322 53 300 142 165 319 137 3 249 191 282 384
26 325 54 156 160 345 69 271 396 127 15 324 144 41 361 18 4 34 235 35 293 10 185 304 257 13 126
47 266 118 162 104 219 230 335 24 176 204 398 248 63 96 17 205 328 232 352 269 397 145 208 64 150 98 173 238 11 254 217 56 225 135 33 85 357 311 198 231 60 39 101 285 147 372 106
13 234 351 389 370 89 339 288 114 9 66 385 51 226
13 76 289 242 222 44 1 392 307 224 123 45 102 306
21 390 393 7 336 73 327 279 37 80 332 333 171 179 366 111 159 252 347 8 117 143
15 211 131 57 314 356 167 363 228 67 212 107 75 240 312 283
15 276 344 295 210 292 303 196 305 349 201 149 110 181 273 215
7 206 241 113 355 199 299 287
8 103 268 105 275 182 95 341 25
11 141 258 62 187 301 186 116 246 348 21 236
6 291 82 216 71 132 90
6 16 323 120 207 218 387
6 264 278 138 272 286 368
9 70 68 157 367 229 190 386 376 30
6 256 20 78 380 358 22
